mode: set
github.com/hhong0326/goPostgresqlDocker.git/token/jwt_maker.go:19.51,20.39 1 1
github.com/hhong0326/goPostgresqlDocker.git/token/jwt_maker.go:24.2,24.34 1 1
github.com/hhong0326/goPostgresqlDocker.git/token/jwt_maker.go:20.39,22.3 1 0
github.com/hhong0326/goPostgresqlDocker.git/token/jwt_maker.go:28.93,30.16 2 1
github.com/hhong0326/goPostgresqlDocker.git/token/jwt_maker.go:34.2,36.16 3 1
github.com/hhong0326/goPostgresqlDocker.git/token/jwt_maker.go:39.2,39.28 1 1
github.com/hhong0326/goPostgresqlDocker.git/token/jwt_maker.go:30.16,32.3 1 0
github.com/hhong0326/goPostgresqlDocker.git/token/jwt_maker.go:36.16,38.3 1 0
github.com/hhong0326/goPostgresqlDocker.git/token/jwt_maker.go:43.68,44.57 1 1
github.com/hhong0326/goPostgresqlDocker.git/token/jwt_maker.go:52.2,53.16 2 1
github.com/hhong0326/goPostgresqlDocker.git/token/jwt_maker.go:61.2,62.9 2 1
github.com/hhong0326/goPostgresqlDocker.git/token/jwt_maker.go:66.2,66.21 1 1
github.com/hhong0326/goPostgresqlDocker.git/token/jwt_maker.go:44.57,46.10 2 1
github.com/hhong0326/goPostgresqlDocker.git/token/jwt_maker.go:49.3,49.38 1 1
github.com/hhong0326/goPostgresqlDocker.git/token/jwt_maker.go:46.10,48.4 1 1
github.com/hhong0326/goPostgresqlDocker.git/token/jwt_maker.go:53.16,55.51 2 1
github.com/hhong0326/goPostgresqlDocker.git/token/jwt_maker.go:58.3,58.30 1 1
github.com/hhong0326/goPostgresqlDocker.git/token/jwt_maker.go:55.51,57.4 1 1
github.com/hhong0326/goPostgresqlDocker.git/token/jwt_maker.go:62.9,64.3 1 0
github.com/hhong0326/goPostgresqlDocker.git/token/paseto_maker.go:18.57,20.51 1 1
github.com/hhong0326/goPostgresqlDocker.git/token/paseto_maker.go:24.2,29.19 2 1
github.com/hhong0326/goPostgresqlDocker.git/token/paseto_maker.go:20.51,22.3 1 0
github.com/hhong0326/goPostgresqlDocker.git/token/paseto_maker.go:33.96,35.16 2 1
github.com/hhong0326/goPostgresqlDocker.git/token/paseto_maker.go:39.2,39.63 1 1
github.com/hhong0326/goPostgresqlDocker.git/token/paseto_maker.go:35.16,37.3 1 0
github.com/hhong0326/goPostgresqlDocker.git/token/paseto_maker.go:43.71,47.16 3 1
github.com/hhong0326/goPostgresqlDocker.git/token/paseto_maker.go:51.2,52.16 2 1
github.com/hhong0326/goPostgresqlDocker.git/token/paseto_maker.go:56.2,56.21 1 1
github.com/hhong0326/goPostgresqlDocker.git/token/paseto_maker.go:47.16,49.3 1 0
github.com/hhong0326/goPostgresqlDocker.git/token/paseto_maker.go:52.16,54.3 1 1
github.com/hhong0326/goPostgresqlDocker.git/token/payload.go:25.76,28.16 2 1
github.com/hhong0326/goPostgresqlDocker.git/token/payload.go:32.2,39.21 2 1
github.com/hhong0326/goPostgresqlDocker.git/token/payload.go:28.16,30.3 1 0
github.com/hhong0326/goPostgresqlDocker.git/token/payload.go:43.39,44.41 1 1
github.com/hhong0326/goPostgresqlDocker.git/token/payload.go:48.2,48.12 1 1
github.com/hhong0326/goPostgresqlDocker.git/token/payload.go:44.41,46.3 1 1
github.com/hhong0326/goPostgresqlDocker.git/util/random.go:12.13,14.2 1 1
github.com/hhong0326/goPostgresqlDocker.git/util/random.go:17.38,19.2 1 0
github.com/hhong0326/goPostgresqlDocker.git/util/random.go:22.33,26.25 3 1
github.com/hhong0326/goPostgresqlDocker.git/util/random.go:31.2,31.20 1 1
github.com/hhong0326/goPostgresqlDocker.git/util/random.go:26.25,29.3 2 1
github.com/hhong0326/goPostgresqlDocker.git/util/random.go:35.27,37.2 1 0
github.com/hhong0326/goPostgresqlDocker.git/util/random.go:40.26,42.2 1 0
github.com/hhong0326/goPostgresqlDocker.git/util/random.go:45.30,49.2 3 0
github.com/hhong0326/goPostgresqlDocker.git/util/random.go:52.27,55.2 1 0
github.com/hhong0326/goPostgresqlDocker.git/util/config.go:20.57,30.16 6 0
github.com/hhong0326/goPostgresqlDocker.git/util/config.go:34.2,35.8 2 0
github.com/hhong0326/goPostgresqlDocker.git/util/config.go:30.16,32.3 1 0
github.com/hhong0326/goPostgresqlDocker.git/util/currency.go:11.48,13.18 1 0
github.com/hhong0326/goPostgresqlDocker.git/util/currency.go:17.2,17.14 1 0
github.com/hhong0326/goPostgresqlDocker.git/util/currency.go:14.21,15.14 1 0
github.com/hhong0326/goPostgresqlDocker.git/util/password.go:10.52,13.16 2 1
github.com/hhong0326/goPostgresqlDocker.git/util/password.go:17.2,17.30 1 1
github.com/hhong0326/goPostgresqlDocker.git/util/password.go:13.16,15.3 1 0
github.com/hhong0326/goPostgresqlDocker.git/util/password.go:21.59,24.2 1 1
github.com/hhong0326/goPostgresqlDocker.git/api/validator.go:8.78,10.65 1 1
github.com/hhong0326/goPostgresqlDocker.git/api/validator.go:15.2,15.14 1 0
github.com/hhong0326/goPostgresqlDocker.git/api/validator.go:10.65,13.3 1 1
github.com/hhong0326/goPostgresqlDocker.git/api/account.go:19.55,23.49 2 1
github.com/hhong0326/goPostgresqlDocker.git/api/account.go:29.2,39.16 4 1
github.com/hhong0326/goPostgresqlDocker.git/api/account.go:51.2,51.34 1 1
github.com/hhong0326/goPostgresqlDocker.git/api/account.go:23.49,26.3 2 1
github.com/hhong0326/goPostgresqlDocker.git/api/account.go:39.16,40.39 1 1
github.com/hhong0326/goPostgresqlDocker.git/api/account.go:47.3,48.9 2 1
github.com/hhong0326/goPostgresqlDocker.git/api/account.go:40.39,41.29 1 0
github.com/hhong0326/goPostgresqlDocker.git/api/account.go:42.53,44.11 2 0
github.com/hhong0326/goPostgresqlDocker.git/api/account.go:58.52,62.48 2 1
github.com/hhong0326/goPostgresqlDocker.git/api/account.go:67.2,68.16 2 1
github.com/hhong0326/goPostgresqlDocker.git/api/account.go:78.2,79.43 2 1
github.com/hhong0326/goPostgresqlDocker.git/api/account.go:88.2,88.34 1 1
github.com/hhong0326/goPostgresqlDocker.git/api/account.go:62.48,65.3 2 1
github.com/hhong0326/goPostgresqlDocker.git/api/account.go:68.16,69.27 1 1
github.com/hhong0326/goPostgresqlDocker.git/api/account.go:73.3,74.9 2 1
github.com/hhong0326/goPostgresqlDocker.git/api/account.go:69.27,72.4 2 1
github.com/hhong0326/goPostgresqlDocker.git/api/account.go:79.43,83.3 3 1
github.com/hhong0326/goPostgresqlDocker.git/api/account.go:96.53,100.50 2 1
github.com/hhong0326/goPostgresqlDocker.git/api/account.go:105.2,113.16 4 1
github.com/hhong0326/goPostgresqlDocker.git/api/account.go:118.2,118.35 1 1
github.com/hhong0326/goPostgresqlDocker.git/api/account.go:100.50,103.3 2 1
github.com/hhong0326/goPostgresqlDocker.git/api/account.go:113.16,116.3 2 1
github.com/hhong0326/goPostgresqlDocker.git/api/account.go:126.55,129.49 2 0
github.com/hhong0326/goPostgresqlDocker.git/api/account.go:134.2,140.16 3 0
github.com/hhong0326/goPostgresqlDocker.git/api/account.go:145.2,145.34 1 0
github.com/hhong0326/goPostgresqlDocker.git/api/account.go:129.49,132.3 2 0
github.com/hhong0326/goPostgresqlDocker.git/api/account.go:140.16,143.3 2 0
github.com/hhong0326/goPostgresqlDocker.git/api/account.go:152.55,155.49 2 0
github.com/hhong0326/goPostgresqlDocker.git/api/account.go:160.2,160.64 1 0
github.com/hhong0326/goPostgresqlDocker.git/api/account.go:169.2,171.4 1 0
github.com/hhong0326/goPostgresqlDocker.git/api/account.go:155.49,158.3 2 0
github.com/hhong0326/goPostgresqlDocker.git/api/account.go:160.64,161.27 1 0
github.com/hhong0326/goPostgresqlDocker.git/api/account.go:165.3,166.9 2 0
github.com/hhong0326/goPostgresqlDocker.git/api/account.go:161.27,164.4 2 0
github.com/hhong0326/goPostgresqlDocker.git/api/middleware.go:19.61,20.32 1 1
github.com/hhong0326/goPostgresqlDocker.git/api/middleware.go:20.32,23.36 2 1
github.com/hhong0326/goPostgresqlDocker.git/api/middleware.go:29.3,30.22 2 1
github.com/hhong0326/goPostgresqlDocker.git/api/middleware.go:36.3,37.51 2 1
github.com/hhong0326/goPostgresqlDocker.git/api/middleware.go:43.3,45.17 3 1
github.com/hhong0326/goPostgresqlDocker.git/api/middleware.go:50.3,51.13 2 1
github.com/hhong0326/goPostgresqlDocker.git/api/middleware.go:23.36,27.4 3 1
github.com/hhong0326/goPostgresqlDocker.git/api/middleware.go:30.22,34.4 3 1
github.com/hhong0326/goPostgresqlDocker.git/api/middleware.go:37.51,41.4 3 1
github.com/hhong0326/goPostgresqlDocker.git/api/middleware.go:45.17,48.4 2 1
github.com/hhong0326/goPostgresqlDocker.git/api/server.go:23.69,26.16 2 1
github.com/hhong0326/goPostgresqlDocker.git/api/server.go:29.2,36.67 2 1
github.com/hhong0326/goPostgresqlDocker.git/api/server.go:40.2,42.20 2 1
github.com/hhong0326/goPostgresqlDocker.git/api/server.go:26.16,28.3 1 0
github.com/hhong0326/goPostgresqlDocker.git/api/server.go:36.67,38.3 1 1
github.com/hhong0326/goPostgresqlDocker.git/api/server.go:45.37,64.2 11 1
github.com/hhong0326/goPostgresqlDocker.git/api/server.go:67.51,70.2 1 0
github.com/hhong0326/goPostgresqlDocker.git/api/server.go:73.37,75.2 1 1
github.com/hhong0326/goPostgresqlDocker.git/api/transfer.go:21.56,25.49 2 1
github.com/hhong0326/goPostgresqlDocker.git/api/transfer.go:30.2,31.12 2 1
github.com/hhong0326/goPostgresqlDocker.git/api/transfer.go:35.2,36.47 2 1
github.com/hhong0326/goPostgresqlDocker.git/api/transfer.go:42.2,43.12 2 1
github.com/hhong0326/goPostgresqlDocker.git/api/transfer.go:48.2,55.16 3 1
github.com/hhong0326/goPostgresqlDocker.git/api/transfer.go:60.2,60.33 1 1
github.com/hhong0326/goPostgresqlDocker.git/api/transfer.go:25.49,28.3 2 1
github.com/hhong0326/goPostgresqlDocker.git/api/transfer.go:31.12,33.3 1 1
github.com/hhong0326/goPostgresqlDocker.git/api/transfer.go:36.47,40.3 3 1
github.com/hhong0326/goPostgresqlDocker.git/api/transfer.go:43.12,45.3 1 1
github.com/hhong0326/goPostgresqlDocker.git/api/transfer.go:55.16,58.3 2 1
github.com/hhong0326/goPostgresqlDocker.git/api/transfer.go:63.107,66.16 2 1
github.com/hhong0326/goPostgresqlDocker.git/api/transfer.go:75.2,75.34 1 1
github.com/hhong0326/goPostgresqlDocker.git/api/transfer.go:81.2,81.22 1 1
github.com/hhong0326/goPostgresqlDocker.git/api/transfer.go:66.16,67.27 1 1
github.com/hhong0326/goPostgresqlDocker.git/api/transfer.go:71.3,72.24 2 1
github.com/hhong0326/goPostgresqlDocker.git/api/transfer.go:67.27,70.4 2 1
github.com/hhong0326/goPostgresqlDocker.git/api/transfer.go:75.34,79.3 3 1
github.com/hhong0326/goPostgresqlDocker.git/api/user.go:30.49,38.2 1 1
github.com/hhong0326/goPostgresqlDocker.git/api/user.go:40.52,44.49 2 1
github.com/hhong0326/goPostgresqlDocker.git/api/user.go:49.2,50.16 2 1
github.com/hhong0326/goPostgresqlDocker.git/api/user.go:54.2,65.16 3 1
github.com/hhong0326/goPostgresqlDocker.git/api/user.go:77.2,78.30 2 1
github.com/hhong0326/goPostgresqlDocker.git/api/user.go:44.49,47.3 2 1
github.com/hhong0326/goPostgresqlDocker.git/api/user.go:50.16,53.3 2 0
github.com/hhong0326/goPostgresqlDocker.git/api/user.go:65.16,66.39 1 1
github.com/hhong0326/goPostgresqlDocker.git/api/user.go:73.3,74.9 2 1
github.com/hhong0326/goPostgresqlDocker.git/api/user.go:66.39,67.29 1 1
github.com/hhong0326/goPostgresqlDocker.git/api/user.go:68.28,70.11 2 1
github.com/hhong0326/goPostgresqlDocker.git/api/user.go:91.51,94.49 2 0
github.com/hhong0326/goPostgresqlDocker.git/api/user.go:99.2,100.16 2 0
github.com/hhong0326/goPostgresqlDocker.git/api/user.go:109.2,110.16 2 0
github.com/hhong0326/goPostgresqlDocker.git/api/user.go:115.2,119.16 2 0
github.com/hhong0326/goPostgresqlDocker.git/api/user.go:124.2,129.30 2 0
github.com/hhong0326/goPostgresqlDocker.git/api/user.go:94.49,97.3 2 0
github.com/hhong0326/goPostgresqlDocker.git/api/user.go:100.16,101.27 1 0
github.com/hhong0326/goPostgresqlDocker.git/api/user.go:105.3,106.9 2 0
github.com/hhong0326/goPostgresqlDocker.git/api/user.go:101.27,104.4 2 0
github.com/hhong0326/goPostgresqlDocker.git/api/user.go:110.16,113.3 2 0
github.com/hhong0326/goPostgresqlDocker.git/api/user.go:119.16,122.3 2 0
github.com/hhong0326/goPostgresqlDocker.git/db/sqlc/store.go:22.33,27.2 1 1
github.com/hhong0326/goPostgresqlDocker.git/db/sqlc/store.go:30.83,34.16 2 1
github.com/hhong0326/goPostgresqlDocker.git/db/sqlc/store.go:38.2,40.16 3 1
github.com/hhong0326/goPostgresqlDocker.git/db/sqlc/store.go:47.2,47.20 1 1
github.com/hhong0326/goPostgresqlDocker.git/db/sqlc/store.go:34.16,36.3 1 0
github.com/hhong0326/goPostgresqlDocker.git/db/sqlc/store.go:40.16,42.43 1 0
github.com/hhong0326/goPostgresqlDocker.git/db/sqlc/store.go:45.3,45.13 1 0
github.com/hhong0326/goPostgresqlDocker.git/db/sqlc/store.go:42.43,44.4 1 0
github.com/hhong0326/goPostgresqlDocker.git/db/sqlc/store.go:70.104,74.50 2 1
github.com/hhong0326/goPostgresqlDocker.git/db/sqlc/store.go:145.2,145.20 1 1
github.com/hhong0326/goPostgresqlDocker.git/db/sqlc/store.go:74.50,84.17 3 1
github.com/hhong0326/goPostgresqlDocker.git/db/sqlc/store.go:89.3,93.17 2 1
github.com/hhong0326/goPostgresqlDocker.git/db/sqlc/store.go:97.3,101.17 2 1
github.com/hhong0326/goPostgresqlDocker.git/db/sqlc/store.go:106.3,106.42 1 1
github.com/hhong0326/goPostgresqlDocker.git/db/sqlc/store.go:142.3,142.13 1 1
github.com/hhong0326/goPostgresqlDocker.git/db/sqlc/store.go:84.17,86.4 1 0
github.com/hhong0326/goPostgresqlDocker.git/db/sqlc/store.go:93.17,95.4 1 0
github.com/hhong0326/goPostgresqlDocker.git/db/sqlc/store.go:101.17,103.4 1 0
github.com/hhong0326/goPostgresqlDocker.git/db/sqlc/store.go:106.42,137.4 1 1
github.com/hhong0326/goPostgresqlDocker.git/db/sqlc/store.go:137.9,140.4 1 1
github.com/hhong0326/goPostgresqlDocker.git/db/sqlc/store.go:148.136,153.16 2 1
github.com/hhong0326/goPostgresqlDocker.git/db/sqlc/store.go:157.2,161.16 2 1
github.com/hhong0326/goPostgresqlDocker.git/db/sqlc/store.go:165.2,165.8 1 1
github.com/hhong0326/goPostgresqlDocker.git/db/sqlc/store.go:153.16,155.3 1 0
github.com/hhong0326/goPostgresqlDocker.git/db/sqlc/store.go:161.16,163.3 1 0
github.com/hhong0326/goPostgresqlDocker.git/db/sqlc/transfers.sql.go:27.99,38.2 4 1
github.com/hhong0326/goPostgresqlDocker.git/db/sqlc/transfers.sql.go:45.80,56.2 4 1
github.com/hhong0326/goPostgresqlDocker.git/db/sqlc/transfers.sql.go:75.99,82.16 2 1
github.com/hhong0326/goPostgresqlDocker.git/db/sqlc/transfers.sql.go:85.2,87.18 3 1
github.com/hhong0326/goPostgresqlDocker.git/db/sqlc/transfers.sql.go:100.2,100.37 1 1
github.com/hhong0326/goPostgresqlDocker.git/db/sqlc/transfers.sql.go:103.2,103.35 1 1
github.com/hhong0326/goPostgresqlDocker.git/db/sqlc/transfers.sql.go:106.2,106.19 1 1
github.com/hhong0326/goPostgresqlDocker.git/db/sqlc/transfers.sql.go:82.16,84.3 1 0
github.com/hhong0326/goPostgresqlDocker.git/db/sqlc/transfers.sql.go:87.18,95.17 2 1
github.com/hhong0326/goPostgresqlDocker.git/db/sqlc/transfers.sql.go:98.3,98.27 1 1
github.com/hhong0326/goPostgresqlDocker.git/db/sqlc/transfers.sql.go:95.17,97.4 1 0
github.com/hhong0326/goPostgresqlDocker.git/db/sqlc/transfers.sql.go:100.37,102.3 1 0
github.com/hhong0326/goPostgresqlDocker.git/db/sqlc/transfers.sql.go:103.35,105.3 1 0
github.com/hhong0326/goPostgresqlDocker.git/db/sqlc/users.sql.go:29.87,46.2 4 1
github.com/hhong0326/goPostgresqlDocker.git/db/sqlc/users.sql.go:53.79,65.2 4 1
github.com/hhong0326/goPostgresqlDocker.git/db/sqlc/account.sql.go:22.104,33.2 4 1
github.com/hhong0326/goPostgresqlDocker.git/db/sqlc/account.sql.go:52.96,63.2 4 1
github.com/hhong0326/goPostgresqlDocker.git/db/sqlc/account.sql.go:70.70,73.2 2 1
github.com/hhong0326/goPostgresqlDocker.git/db/sqlc/account.sql.go:80.78,91.2 4 1
github.com/hhong0326/goPostgresqlDocker.git/db/sqlc/account.sql.go:99.87,110.2 4 0
github.com/hhong0326/goPostgresqlDocker.git/db/sqlc/account.sql.go:126.96,128.16 2 1
github.com/hhong0326/goPostgresqlDocker.git/db/sqlc/account.sql.go:131.2,133.18 3 1
github.com/hhong0326/goPostgresqlDocker.git/db/sqlc/account.sql.go:146.2,146.37 1 1
github.com/hhong0326/goPostgresqlDocker.git/db/sqlc/account.sql.go:149.2,149.35 1 1
github.com/hhong0326/goPostgresqlDocker.git/db/sqlc/account.sql.go:152.2,152.19 1 1
github.com/hhong0326/goPostgresqlDocker.git/db/sqlc/account.sql.go:128.16,130.3 1 0
github.com/hhong0326/goPostgresqlDocker.git/db/sqlc/account.sql.go:133.18,141.17 2 1
github.com/hhong0326/goPostgresqlDocker.git/db/sqlc/account.sql.go:144.3,144.27 1 1
github.com/hhong0326/goPostgresqlDocker.git/db/sqlc/account.sql.go:141.17,143.4 1 0
github.com/hhong0326/goPostgresqlDocker.git/db/sqlc/account.sql.go:146.37,148.3 1 0
github.com/hhong0326/goPostgresqlDocker.git/db/sqlc/account.sql.go:149.35,151.3 1 0
github.com/hhong0326/goPostgresqlDocker.git/db/sqlc/account.sql.go:167.96,178.2 4 1
github.com/hhong0326/goPostgresqlDocker.git/db/sqlc/db.go:17.28,19.2 1 1
github.com/hhong0326/goPostgresqlDocker.git/db/sqlc/db.go:25.47,29.2 1 0
github.com/hhong0326/goPostgresqlDocker.git/db/sqlc/entries.sql.go:25.90,35.2 4 1
github.com/hhong0326/goPostgresqlDocker.git/db/sqlc/entries.sql.go:42.74,52.2 4 1
github.com/hhong0326/goPostgresqlDocker.git/db/sqlc/entries.sql.go:68.92,70.16 2 1
github.com/hhong0326/goPostgresqlDocker.git/db/sqlc/entries.sql.go:73.2,75.18 3 1
github.com/hhong0326/goPostgresqlDocker.git/db/sqlc/entries.sql.go:87.2,87.37 1 1
github.com/hhong0326/goPostgresqlDocker.git/db/sqlc/entries.sql.go:90.2,90.35 1 1
github.com/hhong0326/goPostgresqlDocker.git/db/sqlc/entries.sql.go:93.2,93.19 1 1
github.com/hhong0326/goPostgresqlDocker.git/db/sqlc/entries.sql.go:70.16,72.3 1 0
github.com/hhong0326/goPostgresqlDocker.git/db/sqlc/entries.sql.go:75.18,82.17 2 1
github.com/hhong0326/goPostgresqlDocker.git/db/sqlc/entries.sql.go:85.3,85.27 1 1
github.com/hhong0326/goPostgresqlDocker.git/db/sqlc/entries.sql.go:82.17,84.4 1 0
github.com/hhong0326/goPostgresqlDocker.git/db/sqlc/entries.sql.go:87.37,89.3 1 0
github.com/hhong0326/goPostgresqlDocker.git/db/sqlc/entries.sql.go:90.35,92.3 1 0
