mode: set
github.com/hhong0326/goPostgresqlDocker.git/db/sqlc/db.go:17.28,19.2 1 1
github.com/hhong0326/goPostgresqlDocker.git/db/sqlc/db.go:25.47,29.2 1 0
github.com/hhong0326/goPostgresqlDocker.git/db/sqlc/entries.sql.go:25.90,35.2 4 1
github.com/hhong0326/goPostgresqlDocker.git/db/sqlc/entries.sql.go:42.74,52.2 4 1
github.com/hhong0326/goPostgresqlDocker.git/db/sqlc/entries.sql.go:68.92,70.16 2 1
github.com/hhong0326/goPostgresqlDocker.git/db/sqlc/entries.sql.go:73.2,75.18 3 1
github.com/hhong0326/goPostgresqlDocker.git/db/sqlc/entries.sql.go:87.2,87.37 1 1
github.com/hhong0326/goPostgresqlDocker.git/db/sqlc/entries.sql.go:90.2,90.35 1 1
github.com/hhong0326/goPostgresqlDocker.git/db/sqlc/entries.sql.go:93.2,93.19 1 1
github.com/hhong0326/goPostgresqlDocker.git/db/sqlc/entries.sql.go:70.16,72.3 1 0
github.com/hhong0326/goPostgresqlDocker.git/db/sqlc/entries.sql.go:75.18,82.17 2 1
github.com/hhong0326/goPostgresqlDocker.git/db/sqlc/entries.sql.go:85.3,85.27 1 1
github.com/hhong0326/goPostgresqlDocker.git/db/sqlc/entries.sql.go:82.17,84.4 1 0
github.com/hhong0326/goPostgresqlDocker.git/db/sqlc/entries.sql.go:87.37,89.3 1 0
github.com/hhong0326/goPostgresqlDocker.git/db/sqlc/entries.sql.go:90.35,92.3 1 0
github.com/hhong0326/goPostgresqlDocker.git/db/sqlc/store.go:16.34,21.2 1 1
github.com/hhong0326/goPostgresqlDocker.git/db/sqlc/store.go:24.80,28.16 2 1
github.com/hhong0326/goPostgresqlDocker.git/db/sqlc/store.go:32.2,34.16 3 1
github.com/hhong0326/goPostgresqlDocker.git/db/sqlc/store.go:41.2,41.20 1 1
github.com/hhong0326/goPostgresqlDocker.git/db/sqlc/store.go:28.16,30.3 1 0
github.com/hhong0326/goPostgresqlDocker.git/db/sqlc/store.go:34.16,36.43 1 0
github.com/hhong0326/goPostgresqlDocker.git/db/sqlc/store.go:39.3,39.13 1 0
github.com/hhong0326/goPostgresqlDocker.git/db/sqlc/store.go:36.43,38.4 1 0
github.com/hhong0326/goPostgresqlDocker.git/db/sqlc/store.go:64.101,68.50 2 1
github.com/hhong0326/goPostgresqlDocker.git/db/sqlc/store.go:139.2,139.20 1 1
github.com/hhong0326/goPostgresqlDocker.git/db/sqlc/store.go:68.50,78.17 3 1
github.com/hhong0326/goPostgresqlDocker.git/db/sqlc/store.go:83.3,87.17 2 1
github.com/hhong0326/goPostgresqlDocker.git/db/sqlc/store.go:91.3,95.17 2 1
github.com/hhong0326/goPostgresqlDocker.git/db/sqlc/store.go:100.3,100.42 1 1
github.com/hhong0326/goPostgresqlDocker.git/db/sqlc/store.go:136.3,136.13 1 1
github.com/hhong0326/goPostgresqlDocker.git/db/sqlc/store.go:78.17,80.4 1 0
github.com/hhong0326/goPostgresqlDocker.git/db/sqlc/store.go:87.17,89.4 1 0
github.com/hhong0326/goPostgresqlDocker.git/db/sqlc/store.go:95.17,97.4 1 0
github.com/hhong0326/goPostgresqlDocker.git/db/sqlc/store.go:100.42,131.4 1 1
github.com/hhong0326/goPostgresqlDocker.git/db/sqlc/store.go:131.9,134.4 1 1
github.com/hhong0326/goPostgresqlDocker.git/db/sqlc/store.go:142.136,147.16 2 1
github.com/hhong0326/goPostgresqlDocker.git/db/sqlc/store.go:151.2,155.16 2 1
github.com/hhong0326/goPostgresqlDocker.git/db/sqlc/store.go:159.2,159.8 1 1
github.com/hhong0326/goPostgresqlDocker.git/db/sqlc/store.go:147.16,149.3 1 0
github.com/hhong0326/goPostgresqlDocker.git/db/sqlc/store.go:155.16,157.3 1 0
github.com/hhong0326/goPostgresqlDocker.git/db/sqlc/transfers.sql.go:27.99,38.2 4 1
github.com/hhong0326/goPostgresqlDocker.git/db/sqlc/transfers.sql.go:45.80,56.2 4 1
github.com/hhong0326/goPostgresqlDocker.git/db/sqlc/transfers.sql.go:75.99,82.16 2 1
github.com/hhong0326/goPostgresqlDocker.git/db/sqlc/transfers.sql.go:85.2,87.18 3 1
github.com/hhong0326/goPostgresqlDocker.git/db/sqlc/transfers.sql.go:100.2,100.37 1 1
github.com/hhong0326/goPostgresqlDocker.git/db/sqlc/transfers.sql.go:103.2,103.35 1 1
github.com/hhong0326/goPostgresqlDocker.git/db/sqlc/transfers.sql.go:106.2,106.19 1 1
github.com/hhong0326/goPostgresqlDocker.git/db/sqlc/transfers.sql.go:82.16,84.3 1 0
github.com/hhong0326/goPostgresqlDocker.git/db/sqlc/transfers.sql.go:87.18,95.17 2 1
github.com/hhong0326/goPostgresqlDocker.git/db/sqlc/transfers.sql.go:98.3,98.27 1 1
github.com/hhong0326/goPostgresqlDocker.git/db/sqlc/transfers.sql.go:95.17,97.4 1 0
github.com/hhong0326/goPostgresqlDocker.git/db/sqlc/transfers.sql.go:100.37,102.3 1 0
github.com/hhong0326/goPostgresqlDocker.git/db/sqlc/transfers.sql.go:103.35,105.3 1 0
github.com/hhong0326/goPostgresqlDocker.git/db/sqlc/account.sql.go:22.104,33.2 4 1
github.com/hhong0326/goPostgresqlDocker.git/db/sqlc/account.sql.go:52.96,63.2 4 1
github.com/hhong0326/goPostgresqlDocker.git/db/sqlc/account.sql.go:70.70,73.2 2 1
github.com/hhong0326/goPostgresqlDocker.git/db/sqlc/account.sql.go:80.78,91.2 4 1
github.com/hhong0326/goPostgresqlDocker.git/db/sqlc/account.sql.go:99.87,110.2 4 0
github.com/hhong0326/goPostgresqlDocker.git/db/sqlc/account.sql.go:124.96,126.16 2 1
github.com/hhong0326/goPostgresqlDocker.git/db/sqlc/account.sql.go:129.2,131.18 3 1
github.com/hhong0326/goPostgresqlDocker.git/db/sqlc/account.sql.go:144.2,144.37 1 1
github.com/hhong0326/goPostgresqlDocker.git/db/sqlc/account.sql.go:147.2,147.35 1 1
github.com/hhong0326/goPostgresqlDocker.git/db/sqlc/account.sql.go:150.2,150.19 1 1
github.com/hhong0326/goPostgresqlDocker.git/db/sqlc/account.sql.go:126.16,128.3 1 0
github.com/hhong0326/goPostgresqlDocker.git/db/sqlc/account.sql.go:131.18,139.17 2 1
github.com/hhong0326/goPostgresqlDocker.git/db/sqlc/account.sql.go:142.3,142.27 1 1
github.com/hhong0326/goPostgresqlDocker.git/db/sqlc/account.sql.go:139.17,141.4 1 0
github.com/hhong0326/goPostgresqlDocker.git/db/sqlc/account.sql.go:144.37,146.3 1 0
github.com/hhong0326/goPostgresqlDocker.git/db/sqlc/account.sql.go:147.35,149.3 1 0
github.com/hhong0326/goPostgresqlDocker.git/db/sqlc/account.sql.go:165.96,176.2 4 1
